[0914/023957.318:WARNING:runtime_features.cc(728)] AttributionReportingCrossAppWeb cannot be enabled in this configuration. Use --enable-features=ConversionMeasurement,AttributionReportingCrossAppWeb in addition.
[0914/023957.358:WARNING:runtime_features.cc(728)] AttributionReportingCrossAppWeb cannot be enabled in this configuration. Use --enable-features=ConversionMeasurement,AttributionReportingCrossAppWeb in addition.
[0914/023958.433:INFO:CONSOLE(2)] "kernel isReady false", source: file:///C:/users/acer/appdata/local/microsoft/visualstudio/17.0_9f30e62b/extensions/531swreu.snc/WebView/Resources/autowork/chat.js (2)
[0914/023958.485:INFO:CONSOLE(2)] "Webview->Extension(persistentStorageEvent): [object Object]", source: file:///C:/users/acer/appdata/local/microsoft/visualstudio/17.0_9f30e62b/extensions/531swreu.snc/WebView/Resources/autowork/chat.js (2)
[0914/023958.486:INFO:CONSOLE(2)] "Webview->Extension(PassthroughRequest): [object Object]", source: file:///C:/users/acer/appdata/local/microsoft/visualstudio/17.0_9f30e62b/extensions/531swreu.snc/WebView/Resources/autowork/chat.js (2)
[0914/023958.486:INFO:CONSOLE(2)] "Webview->Extension(licenseFullDetailFetchEvent): [object Object]", source: file:///C:/users/acer/appdata/local/microsoft/visualstudio/17.0_9f30e62b/extensions/531swreu.snc/WebView/Resources/autowork/chat.js (2)
[0914/023958.486:INFO:CONSOLE(2)] "Webview->Extension(initFetchEvent): [object Object]", source: file:///C:/users/acer/appdata/local/microsoft/visualstudio/17.0_9f30e62b/extensions/531swreu.snc/WebView/Resources/autowork/chat.js (2)
[0914/023958.486:INFO:CONSOLE(2)] "Webview->Extension(PassthroughRequest): [object Object]", source: file:///C:/users/acer/appdata/local/microsoft/visualstudio/17.0_9f30e62b/extensions/531swreu.snc/WebView/Resources/autowork/chat.js (2)
[0914/023958.486:INFO:CONSOLE(2)] "Webview->Extension(usernameFetchEvent): [object Object]", source: file:///C:/users/acer/appdata/local/microsoft/visualstudio/17.0_9f30e62b/extensions/531swreu.snc/WebView/Resources/autowork/chat.js (2)
[0914/023958.486:INFO:CONSOLE(2)] "Webview->Extension(editorChangedEvent): [object Object]", source: file:///C:/users/acer/appdata/local/microsoft/visualstudio/17.0_9f30e62b/extensions/531swreu.snc/WebView/Resources/autowork/chat.js (2)
[0914/023958.486:INFO:CONSOLE(2)] "Webview->Extension(PassthroughRequest): [object Object]", source: file:///C:/users/acer/appdata/local/microsoft/visualstudio/17.0_9f30e62b/extensions/531swreu.snc/WebView/Resources/autowork/chat.js (2)
[0914/023958.486:INFO:CONSOLE(2)] "Webview->Extension(webview_passthroughMessage_toIde): [object Object]", source: file:///C:/users/acer/appdata/local/microsoft/visualstudio/17.0_9f30e62b/extensions/531swreu.snc/WebView/Resources/autowork/chat.js (2)
[0914/023958.486:INFO:CONSOLE(2)] "kernel isReady false", source: file:///C:/users/acer/appdata/local/microsoft/visualstudio/17.0_9f30e62b/extensions/531swreu.snc/WebView/Resources/autowork/chat.js (2)
[0914/023958.590:INFO:CONSOLE(2)] "Extension->Webview(persistentStorageEvent-reply): {"action":"read","scope":"global","key":"ComateActiveTabKey","value":"AGENT"}", source: file:///C:/users/acer/appdata/local/microsoft/visualstudio/17.0_9f30e62b/extensions/531swreu.snc/WebView/Resources/autowork/chat.js (2)
[0914/023958.751:INFO:CONSOLE(2)] "Extension->Webview(licenseFullDetailFetchEvent-reply): {"vpcConfig":{"status":false,"endpoint":"","intranetDomain":"","intranetSubnets":[],"intranetErrorMsg":""},"features":{"enableUploadKnowledgeFromIDE":false,"customFeedbackURL":""},"key":"15bf3fa5-63b3-44f6-afca-fdbced11378b","typeId":2,"type":"ä¸ªäººæ ‡å‡†ç‰ˆ","typeCode":"TRIAL_INDIVIDUAL","customizedUrl":"","customized":false,"endpoint":""}", source: file:///C:/users/acer/appdata/local/microsoft/visualstudio/17.0_9f30e62b/extensions/531swreu.snc/WebView/Resources/autowork/chat.js (2)
[0914/023958.757:INFO:CONSOLE(2)] "Extension->Webview(licenseFullDetailChangeEvent): [object Object]", source: file:///C:/users/acer/appdata/local/microsoft/visualstudio/17.0_9f30e62b/extensions/531swreu.snc/WebView/Resources/autowork/chat.js (2)
[0914/023958.757:INFO:CONSOLE(2)] "Extension->Webview(pluginConfigurationChangeEvent): [object Object]", source: file:///C:/users/acer/appdata/local/microsoft/visualstudio/17.0_9f30e62b/extensions/531swreu.snc/WebView/Resources/autowork/chat.js (2)
[0914/023958.757:INFO:CONSOLE(2)] "Extension->Webview(licenseValidityChangeEvent2): [object Object]", source: file:///C:/users/acer/appdata/local/microsoft/visualstudio/17.0_9f30e62b/extensions/531swreu.snc/WebView/Resources/autowork/chat.js (2)
[0914/023958.757:INFO:CONSOLE(2)] "Extension->Webview(licenseValidityChangeEvent): [object Object]", source: file:///C:/users/acer/appdata/local/microsoft/visualstudio/17.0_9f30e62b/extensions/531swreu.snc/WebView/Resources/autowork/chat.js (2)
[0914/023959.018:INFO:CONSOLE(2)] "Extension->Webview(initFetchEvent-reply): {"deviceId":"de66ba26fc1a7642d434bd9cf2130d6f"}", source: file:///C:/users/acer/appdata/local/microsoft/visualstudio/17.0_9f30e62b/extensions/531swreu.snc/WebView/Resources/autowork/chat.js (2)
[0914/023959.022:INFO:CONSOLE(2)] "Extension->Webview(usernameFetchEvent-reply): {"username":"Chong-Kai-Juan03","chineseName":"Chong-Kai-Juan03","configUsername":"Chong-Kai-Juan03"}", source: file:///C:/users/acer/appdata/local/microsoft/visualstudio/17.0_9f30e62b/extensions/531swreu.snc/WebView/Resources/autowork/chat.js (2)
[0914/023959.199:INFO:CONSOLE(2)] "Extension->Webview(PassthroughRequest-reply): {"data":{"endpoint":"https://comate.baidu.com/api","serverHost":"https://comate.baidu.com","system":{"enableUserGuide":true,"enableAgent":true,"enableFeedback":true,"enableJoiningInfoFlowGroup":false,"env":"saas"},"completion":{"enableCache":true},"autowork":{"endpoint":"https://comate.baidu.com/api/aidevops/autocomate","enableIntentRecognition":true,"enableZulu":true,"enableAutoApplyFunction":true,"enableInlineChat":true},"comateplus":{"enabled":true,"endpoint":"https://comate.baidu.com/api/v2"},"log":{"logUploadUrl":"https://comate.baidu.com/logger/comate.log","performanceUploadUrl":"https://comate.baidu.com/logger/performance.log"},"ut":{"enableBatchGenerate":false,"endpoint":"https://comate.baidu.com","generateUri":"/api/plugin/ut/key/gen?key=%s&env=online","acceptUri":"/api/plugin/ut/key/accept?key=%s&env=online","completionUri":"/api/plugin/ut/key/complete?key=%s&env=online","batchUploadUri":"/api/iutupgrade/callback"},"webSocket":{"endpoint":"ws://comate.baidu.com/api/aidevops/autocomate"},"iapi":{"enableInterfaceGeneration":false,"interfaceEndpoint":"127.0.0.1","trackEndpoint":"https://comate.baidu.com/api","searchEndpoint":"https://comate.baidu.com/api"},"dao":{"enableGenDao":false,"enableGenSql":false,"endpoint":"127.0.0.1"},"license":{"endpoint":"https://comate.baidu.com","bceEndpoint":"https://console.bce.baidu.com/comate"},"notification":{"enableAINative":false,"enableBaiduUsingSaas":true,"enablePocUsingSaas":false},"embedding":{"enableSearchFromInternet":true,"indexVersionCheckUrl":"https://comate.baidu.com/api/autowork/index/remote-server-version","multiEmbeddingSearchUrl":"127.0.0.1","embeddingSearchUrl":"https://comate.baidu.com/api/autowork/retrieval/embeddingsearch","knowledgeWorkspacesUrl":"https://comate.baidu.com/api/v2/api/aidevops/knowledge/rest/v1/workspaces","embeddingIndexProgressUrl":"https://comate.baidu.com/api/autowork/index/v2/remote-index-info","autoworkConfigUrl":"https://comate.baidu.com/api/autowork/index/remote-index-config","dependencyConfigUrl":"https://comate.baidu.com/api/autowork/retrieval/v2/dependency/config","dependencyParseUrl":"https://comate.baidu.com/api/autowork/index/v2/dependency/info","multiEmbeddingSearchUrlForLineCommentSearchUrl":"https://comate.baidu.com/api/autowork/retrieval/multiembeddingsearch"},"codeGraph":{"enabled":false,"endpoint":"127.0.0.1"},"security":{"enabled":true},"icafe":{"enabled":false,"endpoint":"127.0.0.1","rankEndpoint":"127.0.0.1"}},"status":200,"headers":null}", source: file:///C:/users/acer/appdata/local/microsoft/visualstudio/17.0_9f30e62b/extensions/531swreu.snc/WebView/Resources/autowork/chat.js (2)
[0914/023959.303:INFO:CONSOLE(2)] "Webview->Extension(messagesFetchEvent): [object Object]", source: file:///C:/users/acer/appdata/local/microsoft/visualstudio/17.0_9f30e62b/extensions/531swreu.snc/WebView/Resources/autowork/chat.js (2)
[0914/023959.303:INFO:CONSOLE(2)] "Webview->Extension(colorThemeFetchEvent): [object Object]", source: file:///C:/users/acer/appdata/local/microsoft/visualstudio/17.0_9f30e62b/extensions/531swreu.snc/WebView/Resources/autowork/chat.js (2)
[0914/023959.304:INFO:CONSOLE(2)] "Webview->Extension(persistentStorageEvent): [object Object]", source: file:///C:/users/acer/appdata/local/microsoft/visualstudio/17.0_9f30e62b/extensions/531swreu.snc/WebView/Resources/autowork/chat.js (2)
[0914/023959.304:INFO:CONSOLE(2)] "Webview->Extension(webViewInitEvent): [object Object]", source: file:///C:/users/acer/appdata/local/microsoft/visualstudio/17.0_9f30e62b/extensions/531swreu.snc/WebView/Resources/autowork/chat.js (2)
[0914/023959.306:INFO:CONSOLE(2)] "Webview->Extension(licenseValidityFetchEvent2): [object Object]", source: file:///C:/users/acer/appdata/local/microsoft/visualstudio/17.0_9f30e62b/extensions/531swreu.snc/WebView/Resources/autowork/chat.js (2)
[0914/023959.306:INFO:CONSOLE(2)] "Webview->Extension(avatarFetchEvent): [object Object]", source: file:///C:/users/acer/appdata/local/microsoft/visualstudio/17.0_9f30e62b/extensions/531swreu.snc/WebView/Resources/autowork/chat.js (2)
[0914/023959.306:INFO:CONSOLE(2)] "Webview->Extension(languageFetchEvent): [object Object]", source: file:///C:/users/acer/appdata/local/microsoft/visualstudio/17.0_9f30e62b/extensions/531swreu.snc/WebView/Resources/autowork/chat.js (2)
[0914/023959.306:INFO:CONSOLE(2)] "Webview->Extension(loginStatusFetchEvent): [object Object]", source: file:///C:/users/acer/appdata/local/microsoft/visualstudio/17.0_9f30e62b/extensions/531swreu.snc/WebView/Resources/autowork/chat.js (2)
[0914/023959.306:INFO:CONSOLE(2)] "Webview->Extension(screenReaderStateFetchEvent): [object Object]", source: file:///C:/users/acer/appdata/local/microsoft/visualstudio/17.0_9f30e62b/extensions/531swreu.snc/WebView/Resources/autowork/chat.js (2)
[0914/023959.306:INFO:CONSOLE(2)] "Webview->Extension(agentSwitchStatusEvent): [object Object]", source: file:///C:/users/acer/appdata/local/microsoft/visualstudio/17.0_9f30e62b/extensions/531swreu.snc/WebView/Resources/autowork/chat.js (2)
[0914/023959.307:INFO:CONSOLE(2)] "Webview->Extension(webviewServiceInit): [object Object]", source: file:///C:/users/acer/appdata/local/microsoft/visualstudio/17.0_9f30e62b/extensions/531swreu.snc/WebView/Resources/autowork/chat.js (2)
[0914/023959.322:INFO:CONSOLE(2)] "Extension->Webview(persistentStorageEvent-reply): {"action":"read","scope":"global","key":"ComateBannerVersion","value":null}", source: file:///C:/users/acer/appdata/local/microsoft/visualstudio/17.0_9f30e62b/extensions/531swreu.snc/WebView/Resources/autowork/chat.js (2)
[0914/023959.322:INFO:CONSOLE(2)] "Webview->Extension(PassthroughRequest): [object Object]", source: file:///C:/users/acer/appdata/local/microsoft/visualstudio/17.0_9f30e62b/extensions/531swreu.snc/WebView/Resources/autowork/chat.js (2)
[0914/023959.324:INFO:CONSOLE(2)] "Extension->Webview(colorThemeChangeEvent): [object Object]", source: file:///C:/users/acer/appdata/local/microsoft/visualstudio/17.0_9f30e62b/extensions/531swreu.snc/WebView/Resources/autowork/chat.js (2)
[0914/023959.600:INFO:CONSOLE(2)] "Extension->Webview(PassthroughRequest-reply): {"data":{"endpoint":"https://comate.baidu.com/api","serverHost":"https://comate.baidu.com","system":{"enableUserGuide":true,"enableAgent":true,"enableFeedback":true,"enableJoiningInfoFlowGroup":false,"env":"saas"},"completion":{"enableCache":true},"autowork":{"endpoint":"https://comate.baidu.com/api/aidevops/autocomate","enableIntentRecognition":true,"enableZulu":true,"enableAutoApplyFunction":true,"enableInlineChat":true},"comateplus":{"enabled":true,"endpoint":"https://comate.baidu.com/api/v2"},"log":{"logUploadUrl":"https://comate.baidu.com/logger/comate.log","performanceUploadUrl":"https://comate.baidu.com/logger/performance.log"},"ut":{"enableBatchGenerate":false,"endpoint":"https://comate.baidu.com","generateUri":"/api/plugin/ut/key/gen?key=%s&env=online","acceptUri":"/api/plugin/ut/key/accept?key=%s&env=online","completionUri":"/api/plugin/ut/key/complete?key=%s&env=online","batchUploadUri":"/api/iutupgrade/callback"},"webSocket":{"endpoint":"ws://comate.baidu.com/api/aidevops/autocomate"},"iapi":{"enableInterfaceGeneration":false,"interfaceEndpoint":"127.0.0.1","trackEndpoint":"https://comate.baidu.com/api","searchEndpoint":"https://comate.baidu.com/api"},"dao":{"enableGenDao":false,"enableGenSql":false,"endpoint":"127.0.0.1"},"license":{"endpoint":"https://comate.baidu.com","bceEndpoint":"https://console.bce.baidu.com/comate"},"notification":{"enableAINative":false,"enableBaiduUsingSaas":true,"enablePocUsingSaas":false},"embedding":{"enableSearchFromInternet":true,"indexVersionCheckUrl":"https://comate.baidu.com/api/autowork/index/remote-server-version","multiEmbeddingSearchUrl":"127.0.0.1","embeddingSearchUrl":"https://comate.baidu.com/api/autowork/retrieval/embeddingsearch","knowledgeWorkspacesUrl":"https://comate.baidu.com/api/v2/api/aidevops/knowledge/rest/v1/workspaces","embeddingIndexProgressUrl":"https://comate.baidu.com/api/autowork/index/v2/remote-index-info","autoworkConfigUrl":"https://comate.baidu.com/api/autowork/index/remote-index-config","dependencyConfigUrl":"https://comate.baidu.com/api/autowork/retrieval/v2/dependency/config","dependencyParseUrl":"https://comate.baidu.com/api/autowork/index/v2/dependency/info","multiEmbeddingSearchUrlForLineCommentSearchUrl":"https://comate.baidu.com/api/autowork/retrieval/multiembeddingsearch"},"codeGraph":{"enabled":false,"endpoint":"127.0.0.1"},"security":{"enabled":true},"icafe":{"enabled":false,"endpoint":"127.0.0.1","rankEndpoint":"127.0.0.1"}},"status":200,"headers":null}", source: file:///C:/users/acer/appdata/local/microsoft/visualstudio/17.0_9f30e62b/extensions/531swreu.snc/WebView/Resources/autowork/chat.js (2)
[0914/023959.609:INFO:CONSOLE(2)] "Webview->Extension(persistentStorageEvent): [object Object]", source: file:///C:/users/acer/appdata/local/microsoft/visualstudio/17.0_9f30e62b/extensions/531swreu.snc/WebView/Resources/autowork/chat.js (2)
[0914/023959.617:INFO:CONSOLE(2)] "Extension->Webview(PassthroughRequest-reply): {"data":{"data":{"zulu":{"model":"Plan2","image":{"max":5,"size":5000000,"width":5000,"height":5000}}},"code":200,"message":null},"status":200,"headers":null}", source: file:///C:/users/acer/appdata/local/microsoft/visualstudio/17.0_9f30e62b/extensions/531swreu.snc/WebView/Resources/autowork/chat.js (2)
[0914/024001.484:INFO:CONSOLE(2)] "å°è¯•é‡æ–°åˆå§‹åŒ– webview...", source: file:///C:/users/acer/appdata/local/microsoft/visualstudio/17.0_9f30e62b/extensions/531swreu.snc/WebView/Resources/autowork/chat.js (2)
[0914/024001.484:INFO:CONSOLE(2)] "Webview->Extension(webview_passthroughMessage_toIde): [object Object]", source: file:///C:/users/acer/appdata/local/microsoft/visualstudio/17.0_9f30e62b/extensions/531swreu.snc/WebView/Resources/autowork/chat.js (2)
[0914/024001.730:INFO:CONSOLE(2)] "Extension->Webview(loginStatusFetchEvent-reply): true", source: file:///C:/users/acer/appdata/local/microsoft/visualstudio/17.0_9f30e62b/extensions/531swreu.snc/WebView/Resources/autowork/chat.js (2)
[0914/024001.730:INFO:CONSOLE(2)] "Extension->Webview(persistentStorageEvent-reply): {"action":"read","scope":"global","key":"ReadComposerTrial","value":"true"}", source: file:///C:/users/acer/appdata/local/microsoft/visualstudio/17.0_9f30e62b/extensions/531swreu.snc/WebView/Resources/autowork/chat.js (2)
[0914/024002.077:INFO:CONSOLE(2)] "Extension->Webview(PassthroughRequest-reply): {"data":{"data":{"bannerUrl":"https://now.bdstatic.com/stash/v1/dc8c989/frontend/92932cd/images/comate3question.png","bannerText":"ðŸš€æ–‡å¿ƒå¿«ç 3.5Sæ¥å•¦ï¼ä½“éªŒæœ€é«˜èµ¢æ— äººæœºï¼ðŸ‘‰[ç«‹å³å‚ä¸Ž](https://developer.baidu.com/article/detail.html?id=3554309)","bannerShowSwitch":false,"lotteryKey":"https://iwenjuan.baidu.com/?code=wlzowd","version":"8","showRegion":"OUTSIDE"},"code":0,"message":"æ“ä½œæˆåŠŸï¼"},"status":200,"headers":null}", source: file:///C:/users/acer/appdata/local/microsoft/visualstudio/17.0_9f30e62b/extensions/531swreu.snc/WebView/Resources/autowork/chat.js (2)
[0914/024002.081:INFO:CONSOLE(2)] "Webview->Extension(inputHistoryFetchEvent): [object Object]", source: file:///C:/users/acer/appdata/local/microsoft/visualstudio/17.0_9f30e62b/extensions/531swreu.snc/WebView/Resources/autowork/chat.js (2)
[0914/024003.052:INFO:CONSOLE(2)] "Extension->Webview(ide_passthroughMessage_toWebview): [object Object]", source: file:///C:/users/acer/appdata/local/microsoft/visualstudio/17.0_9f30e62b/extensions/531swreu.snc/WebView/Resources/autowork/chat.js (2)
[0914/024003.052:INFO:CONSOLE(2)] "æ”¶åˆ°äº†kernelåˆå§‹åŒ–", source: file:///C:/users/acer/appdata/local/microsoft/visualstudio/17.0_9f30e62b/extensions/531swreu.snc/WebView/Resources/autowork/chat.js (2)
[0914/024003.052:INFO:CONSOLE(2)] "kernel isReady true", source: file:///C:/users/acer/appdata/local/microsoft/visualstudio/17.0_9f30e62b/extensions/531swreu.snc/WebView/Resources/autowork/chat.js (2)
[0914/024003.077:INFO:CONSOLE(2)] "Webview->Extension(webview_passthroughMessage_toIde): [object Object]", source: file:///C:/users/acer/appdata/local/microsoft/visualstudio/17.0_9f30e62b/extensions/531swreu.snc/WebView/Resources/autowork/chat.js (2)
[0914/024003.081:INFO:CONSOLE(2)] "Extension->Webview(webview_passthroughMessage_toIde-reply): null", source: file:///C:/users/acer/appdata/local/microsoft/visualstudio/17.0_9f30e62b/extensions/531swreu.snc/WebView/Resources/autowork/chat.js (2)
[0914/024003.867:INFO:CONSOLE(2)] "Webview->Extension(PassthroughRequest): [object Object]", source: file:///C:/users/acer/appdata/local/microsoft/visualstudio/17.0_9f30e62b/extensions/531swreu.snc/WebView/Resources/autowork/chat.js (2)
[0914/024003.867:INFO:CONSOLE(2)] "Webview->Extension(persistentStorageEvent): [object Object]", source: file:///C:/users/acer/appdata/local/microsoft/visualstudio/17.0_9f30e62b/extensions/531swreu.snc/WebView/Resources/autowork/chat.js (2)
[0914/024003.867:INFO:CONSOLE(2)] "Webview->Extension(persistentStorageEvent): [object Object]", source: file:///C:/users/acer/appdata/local/microsoft/visualstudio/17.0_9f30e62b/extensions/531swreu.snc/WebView/Resources/autowork/chat.js (2)
[0914/024003.868:INFO:CONSOLE(2)] "Webview->Extension(workspaceStatusEvent): [object Object]", source: file:///C:/users/acer/appdata/local/microsoft/visualstudio/17.0_9f30e62b/extensions/531swreu.snc/WebView/Resources/autowork/chat.js (2)
[0914/024003.883:INFO:CONSOLE(2)] "Extension->Webview(persistentStorageEvent-reply): {"action":"read","scope":"global","key":"ReadMCPTip","value":"true"}", source: file:///C:/users/acer/appdata/local/microsoft/visualstudio/17.0_9f30e62b/extensions/531swreu.snc/WebView/Resources/autowork/chat.js (2)
[0914/024003.884:INFO:CONSOLE(2)] "Extension->Webview(persistentStorageEvent-reply): {"action":"read","scope":"global","key":"ReadMCPTrial","value":null}", source: file:///C:/users/acer/appdata/local/microsoft/visualstudio/17.0_9f30e62b/extensions/531swreu.snc/WebView/Resources/autowork/chat.js (2)
[0914/024003.885:INFO:CONSOLE(2)] "Extension->Webview(workspaceStatusEvent-reply): {"fileOpened":true,"workspaceOpened":false}", source: file:///C:/users/acer/appdata/local/microsoft/visualstudio/17.0_9f30e62b/extensions/531swreu.snc/WebView/Resources/autowork/chat.js (2)
[0914/024004.187:INFO:CONSOLE(2)] "Extension->Webview(PassthroughRequest-reply): {"data":{"data":[{"type":"zulu","title":"å¯ä»¥è¯•ç€é—®æˆ‘ï¼š","questions":[{"id":1,"content":"ç”Ÿæˆä¸€ä¸ªå’ŒAIå¯¹æˆ˜çš„è´ªåƒè›‡å°æ¸¸æˆ","prompt":"å¼€å‘ä¸€ä¸ªç‰¹æ®Šçš„è´ªåƒè›‡æ¸¸æˆï¼Œé‡Œé¢æœ‰ä¸€æ¡èªæ˜Žçš„ai è´ªåƒè›‡å’ŒçŽ©å®¶æŽ§åˆ¶çš„è›‡æŠ¢é£Ÿç‰©ï¼Œé™„åŠ è§„åˆ™ï¼š\n1. å¢™å¯ä»¥ç©¿é€åˆ°å¦ä¸€è¾¹ã€‚\n2. ä»»ä½•ä¸€æ–¹çš„è›‡ä¸èƒ½ç¢°åˆ°è‡ªå·±ï¼Œç¢°åˆ°è‡ªå·±çš„ä¸€æ–¹è¾“ã€‚\n3. çŽ©å®¶çš„è›‡ä¸èƒ½ç¢°åˆ°ai è´ªåƒè›‡ï¼Œç¢°åˆ°å°±è¾“ã€‚\nå¼€å‘å®ŒæˆåŽï¼Œä½¿ç”¨é¢„è§ˆå·¥å…·æ‰“å¼€","schema":"","scene":"demo","displayNew":false},{"id":2,"content":"å¤çŽ°ä¸€ä¸ªåŠŸèƒ½å®Œæ•´çš„ç™¾åº¦é¦–é¡µ","prompt":"å¤çŽ°ä¸€ä¸ªç²¾ç¾Žçš„å†…å®¹ä¸°å¯Œçš„ç™¾åº¦é¦–é¡µï¼Œé™¤äº†åŸºæœ¬å…ƒç´ å¤–ï¼Œè¿˜åŒ…å«ç™¾åº¦çƒ­æœï¼Œè¯­éŸ³æœç´¢ï¼Œç®€å•çš„å›¾ç‰‡æœç´¢ç­‰åŠŸèƒ½ã€‚\nå¼€å‘å®ŒæˆåŽï¼Œä½¿ç”¨é¢„è§ˆå·¥å…·æ‰“å¼€","schema":"","scene":"demo","displayNew":false},{"id":3,"content":"å¼€å‘ä¸€ä¸ªå¸¦å£°æ•ˆçš„é©¬é‡Œå¥¥è®¡ç®—å™¨","prompt":"å†™ä¸€ä¸ªé©¬é‡Œå¥¥è®¡ç®—å™¨ï¼Œå¸ƒå±€åˆç†ï¼Œç”»é¢ç²¾ç¾Žï¼Œå¸¦å£°æ•ˆã€‚\nå¼€å‘å®ŒæˆåŽï¼Œä½¿ç”¨é¢„è§ˆå·¥å…·æ‰“å¼€","schema":"","scene":"demo","displayNew":false},{"id":4,"content":"ä»‹ç»å½“å‰é¡¹ç›®","prompt":"ä»‹ç»é¡¹ç›®çš„ä¸šåŠ¡ç›®æ ‡ã€æ ¸å¿ƒåŠŸèƒ½ã€æ•´ä½“æž¶æž„ã€æ•°æ®å®žä½“ã€ä¸šåŠ¡æµç¨‹","schema":"","scene":"query","displayNew":false},{"id":5,"content":"å¯åŠ¨å¼€å‘çŽ¯å¢ƒ","prompt":"å¯åŠ¨å¼€å‘çŽ¯å¢ƒï¼Œå¦‚æžœæ˜¯webå‰ç«¯é¡¹ç›®ï¼Œå¯åŠ¨åŽä½¿ç”¨é¢„è§ˆå·¥å…·æ‰“å¼€","schema":"","scene":"query","displayNew":false},{"id":6,"content":"äº†è§£æ›´å¤šé¡¹ç›®å†…å®¹","prompt":"è¦äº†è§£è¿™ä¸ªé¡¹ç›®è¿˜å¯ä»¥é—®å“ªäº›é—®é¢˜ï¼Ÿ","schema":"","scene":"query","displayNew":false}]}],"code":200,"message":null},"status":200,"headers":null}", source: file:///C:/users/acer/appdata/local/microsoft/visualstudio/17.0_9f30e62b/extensions/531swreu.snc/WebView/Resources/autowork/chat.js (2)
[0914/024004.187:INFO:CONSOLE(2)] "Webview->Extension(PassthroughRequest): [object Object]", source: file:///C:/users/acer/appdata/local/microsoft/visualstudio/17.0_9f30e62b/extensions/531swreu.snc/WebView/Resources/autowork/chat.js (2)
[0914/024004.534:INFO:CONSOLE(2)] "Extension->Webview(PassthroughRequest-reply): {"data":{"data":[{"type":"zulu","title":"å¯ä»¥è¯•ç€é—®æˆ‘ï¼š","questions":[{"id":1,"content":"ç”Ÿæˆä¸€ä¸ªå’ŒAIå¯¹æˆ˜çš„è´ªåƒè›‡å°æ¸¸æˆ","prompt":"å¼€å‘ä¸€ä¸ªç‰¹æ®Šçš„è´ªåƒè›‡æ¸¸æˆï¼Œé‡Œé¢æœ‰ä¸€æ¡èªæ˜Žçš„ai è´ªåƒè›‡å’ŒçŽ©å®¶æŽ§åˆ¶çš„è›‡æŠ¢é£Ÿç‰©ï¼Œé™„åŠ è§„åˆ™ï¼š\n1. å¢™å¯ä»¥ç©¿é€åˆ°å¦ä¸€è¾¹ã€‚\n2. ä»»ä½•ä¸€æ–¹çš„è›‡ä¸èƒ½ç¢°åˆ°è‡ªå·±ï¼Œç¢°åˆ°è‡ªå·±çš„ä¸€æ–¹è¾“ã€‚\n3. çŽ©å®¶çš„è›‡ä¸èƒ½ç¢°åˆ°ai è´ªåƒè›‡ï¼Œç¢°åˆ°å°±è¾“ã€‚\nå¼€å‘å®ŒæˆåŽï¼Œä½¿ç”¨é¢„è§ˆå·¥å…·æ‰“å¼€","schema":"","scene":"demo","displayNew":false},{"id":2,"content":"å¤çŽ°ä¸€ä¸ªåŠŸèƒ½å®Œæ•´çš„ç™¾åº¦é¦–é¡µ","prompt":"å¤çŽ°ä¸€ä¸ªç²¾ç¾Žçš„å†…å®¹ä¸°å¯Œçš„ç™¾åº¦é¦–é¡µï¼Œé™¤äº†åŸºæœ¬å…ƒç´ å¤–ï¼Œè¿˜åŒ…å«ç™¾åº¦çƒ­æœï¼Œè¯­éŸ³æœç´¢ï¼Œç®€å•çš„å›¾ç‰‡æœç´¢ç­‰åŠŸèƒ½ã€‚\nå¼€å‘å®ŒæˆåŽï¼Œä½¿ç”¨é¢„è§ˆå·¥å…·æ‰“å¼€","schema":"","scene":"demo","displayNew":false},{"id":3,"content":"å¼€å‘ä¸€ä¸ªå¸¦å£°æ•ˆçš„é©¬é‡Œå¥¥è®¡ç®—å™¨","prompt":"å†™ä¸€ä¸ªé©¬é‡Œå¥¥è®¡ç®—å™¨ï¼Œå¸ƒå±€åˆç†ï¼Œç”»é¢ç²¾ç¾Žï¼Œå¸¦å£°æ•ˆã€‚\nå¼€å‘å®ŒæˆåŽï¼Œä½¿ç”¨é¢„è§ˆå·¥å…·æ‰“å¼€","schema":"","scene":"demo","displayNew":false},{"id":4,"content":"ä»‹ç»å½“å‰é¡¹ç›®","prompt":"ä»‹ç»é¡¹ç›®çš„ä¸šåŠ¡ç›®æ ‡ã€æ ¸å¿ƒåŠŸèƒ½ã€æ•´ä½“æž¶æž„ã€æ•°æ®å®žä½“ã€ä¸šåŠ¡æµç¨‹","schema":"","scene":"query","displayNew":false},{"id":5,"content":"å¯åŠ¨å¼€å‘çŽ¯å¢ƒ","prompt":"å¯åŠ¨å¼€å‘çŽ¯å¢ƒï¼Œå¦‚æžœæ˜¯webå‰ç«¯é¡¹ç›®ï¼Œå¯åŠ¨åŽä½¿ç”¨é¢„è§ˆå·¥å…·æ‰“å¼€","schema":"","scene":"query","displayNew":false},{"id":6,"content":"äº†è§£æ›´å¤šé¡¹ç›®å†…å®¹","prompt":"è¦äº†è§£è¿™ä¸ªé¡¹ç›®è¿˜å¯ä»¥é—®å“ªäº›é—®é¢˜ï¼Ÿ","schema":"","scene":"query","displayNew":false}]}],"code":200,"message":null},"status":200,"headers":null}", source: file:///C:/users/acer/appdata/local/microsoft/visualstudio/17.0_9f30e62b/extensions/531swreu.snc/WebView/Resources/autowork/chat.js (2)
[0914/024028.868:INFO:CONSOLE(2)] "webview init send error undefined", source: file:///C:/users/acer/appdata/local/microsoft/visualstudio/17.0_9f30e62b/extensions/531swreu.snc/WebView/Resources/autowork/chat.js (2)
[0914/024031.857:INFO:CONSOLE(2)] "webview init send error undefined", source: file:///C:/users/acer/appdata/local/microsoft/visualstudio/17.0_9f30e62b/extensions/531swreu.snc/WebView/Resources/autowork/chat.js (2)
[0914/033114.303:WARNING:dns_config_service_win.cc(586)] Failed to read DnsConfig.
[0914/033114.318:WARNING:dns_config_service_win.cc(586)] Failed to read DnsConfig.
[0914/033114.473:WARNING:dns_config_service_win.cc(586)] Failed to read DnsConfig.
[0914/033114.486:WARNING:dns_config_service_win.cc(586)] Failed to read DnsConfig.
[0914/050358.391:WARNING:dns_config_service_win.cc(586)] Failed to read DnsConfig.
[0914/050358.401:WARNING:dns_config_service_win.cc(586)] Failed to read DnsConfig.
[0914/175517.576:WARNING:dns_config_service_win.cc(586)] Failed to read DnsConfig.
[0914/175517.578:WARNING:dns_config_service_win.cc(586)] Failed to read DnsConfig.
[0914/175521.057:WARNING:dns_config_service_win.cc(586)] Failed to read DnsConfig.
[0914/175521.067:WARNING:dns_config_service_win.cc(586)] Failed to read DnsConfig.
[0914/175523.845:WARNING:dns_config_service_win.cc(586)] Failed to read DnsConfig.
[0914/175523.852:WARNING:dns_config_service_win.cc(586)] Failed to read DnsConfig.
[0914/185728.282:WARNING:dns_config_service_win.cc(586)] Failed to read DnsConfig.
[0914/185728.287:WARNING:dns_config_service_win.cc(586)] Failed to read DnsConfig.
[0914/191350.336:WARNING:dns_config_service_win.cc(586)] Failed to read DnsConfig.
[0914/191350.356:WARNING:dns_config_service_win.cc(586)] Failed to read DnsConfig.
[0914/191350.384:WARNING:dns_config_service_win.cc(586)] Failed to read DnsConfig.
[0915/001001.466:WARNING:dns_config_service_win.cc(586)] Failed to read DnsConfig.
[0915/001001.474:WARNING:dns_config_service_win.cc(586)] Failed to read DnsConfig.
[0915/001003.522:INFO:CONSOLE(2)] "Extension->Webview(colorThemeChangeEvent): [object Object]", source: file:///C:/users/acer/appdata/local/microsoft/visualstudio/17.0_9f30e62b/extensions/531swreu.snc/WebView/Resources/autowork/chat.js (2)
[0915/001003.542:INFO:CONSOLE(2)] "Extension->Webview(colorThemeChangeEvent): [object Object]", source: file:///C:/users/acer/appdata/local/microsoft/visualstudio/17.0_9f30e62b/extensions/531swreu.snc/WebView/Resources/autowork/chat.js (2)
[0915/001004.698:WARNING:dns_config_service_win.cc(586)] Failed to read DnsConfig.
[0915/001004.727:WARNING:dns_config_service_win.cc(586)] Failed to read DnsConfig.
[0915/130540.597:WARNING:dns_config_service_win.cc(586)] Failed to read DnsConfig.
[0915/130540.614:WARNING:dns_config_service_win.cc(586)] Failed to read DnsConfig.
[0915/130543.403:WARNING:dns_config_service_win.cc(586)] Failed to read DnsConfig.
[0915/130543.411:WARNING:dns_config_service_win.cc(586)] Failed to read DnsConfig.
[0915/130543.838:WARNING:dns_config_service_win.cc(586)] Failed to read DnsConfig.
[0915/130543.866:WARNING:dns_config_service_win.cc(586)] Failed to read DnsConfig.
[0915/161821.339:WARNING:dns_config_service_win.cc(586)] Failed to read DnsConfig.
[0915/161821.374:WARNING:dns_config_service_win.cc(586)] Failed to read DnsConfig.
[0915/161821.374:WARNING:dns_config_service_win.cc(586)] Failed to read DnsConfig.
[0915/161821.389:WARNING:dns_config_service_win.cc(586)] Failed to read DnsConfig.
[0915/161821.396:WARNING:dns_config_service_win.cc(586)] Failed to read DnsConfig.
[0915/161821.413:WARNING:dns_config_service_win.cc(586)] Failed to read DnsConfig.
[0915/161824.006:WARNING:dns_config_service_win.cc(586)] Failed to read DnsConfig.
[0915/161824.020:WARNING:dns_config_service_win.cc(586)] Failed to read DnsConfig.
[0915/173730.280:WARNING:dns_config_service_win.cc(586)] Failed to read DnsConfig.
[0915/173730.295:WARNING:dns_config_service_win.cc(586)] Failed to read DnsConfig.
[0916/151104.906:WARNING:dns_config_service_win.cc(586)] Failed to read DnsConfig.
[0916/151104.912:WARNING:dns_config_service_win.cc(586)] Failed to read DnsConfig.
[0916/151105.879:WARNING:dns_config_service_win.cc(586)] Failed to read DnsConfig.
[0916/151105.933:WARNING:dns_config_service_win.cc(586)] Failed to read DnsConfig.
[0916/151105.982:WARNING:dns_config_service_win.cc(586)] Failed to read DnsConfig.
[0916/151110.945:WARNING:dns_config_service_win.cc(586)] Failed to read DnsConfig.
[0916/151110.990:WARNING:dns_config_service_win.cc(586)] Failed to read DnsConfig.
[0916/151111.100:WARNING:dns_config_service_win.cc(586)] Failed to read DnsConfig.
[0916/151111.102:WARNING:dns_config_service_win.cc(586)] Failed to read DnsConfig.
[0916/151111.456:WARNING:dns_config_service_win.cc(586)] Failed to read DnsConfig.
[0916/151111.468:WARNING:dns_config_service_win.cc(586)] Failed to read DnsConfig.
[0916/151116.474:WARNING:dns_config_service_win.cc(586)] Failed to read DnsConfig.
[0916/151116.486:WARNING:dns_config_service_win.cc(586)] Failed to read DnsConfig.
